<?xml version="1.0" encoding="utf-8"?><testsuites name="pytest tests"><testsuite name="pytest" errors="0" failures="0" skipped="0" tests="52" time="13.733" timestamp="2026-09-22T16:27:11.529054+00:00" hostname="agent-env-d525f202-9ce2-42eb-b90a-956fb1552772"><testcase classname="tests.backend_test.TestVehicles" name="test_create_vehicle_collaudo_from_immatricolazione" time="0.735" /><testcase classname="tests.test_iteration3.TestRBAC" name="test_admin_has_all_permissions" time="0.780" /><testcase classname="tests.backend_test.TestVehicles" name="test_register_collaudo_updates_deadline" time="0.109" /><testcase classname="tests.backend_test.TestVehicles" name="test_circulation_expired_bollo_but_valid" time="0.352" /><testcase classname="tests.backend_test.TestVehicles" name="test_circulation_no_policy" time="0.078" /><testcase classname="tests.backend_test.TestVehicles" name="test_delete_vehicle" time="0.376" /><testcase classname="tests.test_iteration3.TestRBAC" name="test_limited_user_permissions_shape" time="0.881" /><testcase classname="tests.test_iteration3.TestRBAC" name="test_limited_cannot_create_vehicle" time="0.100" /><testcase classname="tests.test_iteration3.TestRBAC" name="test_limited_cannot_export_pdf" time="0.296" /><testcase classname="tests.test_new_features.TestNotifications" name="test_preview" time="0.651" /><testcase classname="tests.test_iteration3.TestRBAC" name="test_limited_can_add_bollo" time="0.303" /><testcase classname="tests.test_new_features.TestNotifications" name="test_send_now" time="0.489" /><testcase classname="tests.test_iteration3.TestRBAC" name="test_admin_toggle_active" time="0.497" /><testcase classname="tests.test_new_features.TestNotifications" name="test_cron_missing_token" time="0.367" /><testcase classname="tests.test_iteration3.TestRBAC" name="test_reset_password" time="0.948" /><testcase classname="tests.test_new_features.TestNotifications" name="test_cron_wrong_token" time="0.357" /><testcase classname="tests.test_new_features.TestNotifications" name="test_cron_correct_token" time="0.303" /><testcase classname="tests.test_iteration3.TestRBAC" name="test_cannot_delete_or_deactivate_admin" time="0.653" /><testcase classname="tests.backend_test.TestAuth" name="test_login_invalid" time="0.362" /><testcase classname="tests.backend_test.TestAuth" name="test_me" time="0.074" /><testcase classname="tests.backend_test.TestAuth" name="test_me_unauth" time="0.141" /><testcase classname="tests.backend_test.TestDashboardReports" name="test_dashboard_stats" time="0.127" /><testcase classname="tests.backend_test.TestDashboardReports" name="test_report_excel" time="0.626" /><testcase classname="tests.test_new_features.TestPolicyAmountsGrace" name="test_set_policy_with_amounts_annuale_auto_grace" time="1.032" /><testcase classname="tests.backend_test.TestDashboardReports" name="test_report_pdf" time="0.269" /><testcase classname="tests.test_new_features.TestPolicyAmountsGrace" name="test_annuale_expired_past_grace_blocks" time="0.451" /><testcase classname="tests.test_new_features.TestSettings" name="test_get_settings" time="0.564" /><testcase classname="tests.test_new_features.TestPolicyAmountsGrace" name="test_mensile_no_grace_expires_immediately" time="0.274" /><testcase classname="tests.test_new_features.TestSettings" name="test_update_settings_persists" time="0.204" /><testcase classname="tests.test_new_features.TestSettings" name="test_logo_upload" time="0.318" /><testcase classname="tests.test_new_features.TestPolicyAmountsGrace" name="test_mensile_with_optional_grace_extends" time="0.359" /><testcase classname="tests.test_iteration3.TestReminders" name="test_settings_per_type_days" time="0.767" /><testcase classname="tests.backend_test.TestSuspension" name="test_suspend_and_reactivate_flow" time="1.243" /><testcase classname="tests.test_iteration3.TestReminders" name="test_preview_uses_per_type_window" time="0.563" /><testcase classname="tests.backend_test.TestSuspension" name="test_304_day_cap_blocks_suspend" time="0.496" /><testcase classname="tests.test_iteration3.TestCollaudoHistory" name="test_add_multiple_and_deadline_recomputes" time="0.476" /><testcase classname="tests.test_iteration3.TestCollaudoHistory" name="test_delete_collaudo_recomputes" time="0.620" /><testcase classname="tests.test_iteration3.TestPolicyRenew" name="test_renew_archives_and_resets_counter" time="1.088" /><testcase classname="tests.test_iteration3.TestAuditUndo" name="test_audit_lists_and_undo_policy_renew" time="0.662" /><testcase classname="tests.test_iteration3.TestPolicyRenew" name="test_renew_keeps_counter_when_not_reset" time="0.576" /><testcase classname="tests.test_iteration3.TestAuditUndo" name="test_vehicle_history_endpoint" time="0.379" /><testcase classname="tests.test_iteration3.TestReports" name="test_excel" time="0.440" /><testcase classname="tests.test_iteration3.TestReports" name="test_pdf" time="0.241" /><testcase classname="tests.test_new_features.TestDocuments" name="test_upload_view_delete" time="1.867" /><testcase classname="tests.test_iteration3.TestSuspensionEffective" name="test_28_days_accumulated" time="0.492" /><testcase classname="tests.test_iteration3.TestCron" name="test_cron_auth" time="0.469" /><testcase classname="tests.test_iteration3.TestSendNow" name="test_send_now_delivers" time="0.357" /><testcase classname="tests.test_new_features.TestDocuments" name="test_upload_invalid_ext" time="0.274" /><testcase classname="tests.test_new_features.TestReportsWithBranding" name="test_excel" time="0.359" /><testcase classname="tests.test_new_features.TestReportsWithBranding" name="test_pdf" time="0.633" /><testcase classname="tests.test_new_features.TestBolloHistory" name="test_add_and_delete_payment" time="0.815" /><testcase classname="tests.test_new_features.TestDeadlines" name="test_deadlines_shape" time="0.342" /></testsuite></testsuites>