<?xml version="1.0" encoding="utf-8"?><testsuites name="pytest tests"><testsuite name="pytest" errors="0" failures="0" skipped="0" tests="19" time="14.853" timestamp="2026-09-22T16:47:14.799529+00:00" hostname="agent-env-d525f202-9ce2-42eb-b90a-956fb1552772"><testcase classname="tests.test_iteration4.TestAuditFilters" name="test_action_filter" time="1.157" /><testcase classname="tests.test_iteration4.TestAuditReports" name="test_excel_200" time="1.160" /><testcase classname="tests.test_iteration4.TestAuditFilters" name="test_date_from_future_yields_zero" time="0.081" /><testcase classname="tests.test_iteration4.TestAuditReports" name="test_pdf_200" time="0.249" /><testcase classname="tests.test_iteration4.TestAuditFilters" name="test_vehicle_filter" time="0.227" /><testcase classname="tests.test_iteration4.TestAuditReports" name="test_excel_with_filters" time="0.098" /><testcase classname="tests.test_iteration4.TestAuditFilters" name="test_combined_filters_narrower" time="0.360" /><testcase classname="tests.test_iteration4.TestRegression" name="test_me" time="0.091" /><testcase classname="tests.test_iteration4.TestRegression" name="test_vehicles_list" time="0.250" /><testcase classname="tests.test_iteration4.TestAuditReports" name="test_excel_403_without_permission" time="0.949" /><testcase classname="tests.test_iteration4.TestRegression" name="test_fleet_reports_still_200" time="0.533" /><testcase classname="tests.test_iteration4.TestAuditReports" name="test_pdf_403_without_permission" time="0.245" /><testcase classname="tests.test_iteration4.TestNotificationsToday" name="test_shape_and_count" time="0.094" /><testcase classname="tests.test_iteration4.TestRegression" name="test_calendar" time="0.089" /><testcase classname="tests.test_iteration4.TestLoginLog" name="test_admin_can_list" time="0.083" /><testcase classname="tests.test_iteration4.TestNotificationsToday" name="test_event_fields" time="0.077" /><testcase classname="tests.test_iteration4.TestNotificationsToday" name="test_requires_auth" time="11.431" /><testcase classname="tests.test_iteration4.TestLoginLog" name="test_fresh_login_creates_entry" time="0.548" /><testcase classname="tests.test_iteration4.TestLoginLog" name="test_limited_user_gets_403" time="0.892" /></testsuite></testsuites>