<?xml version="1.0" encoding="utf-8"?><testsuites name="pytest tests"><testsuite name="pytest" errors="0" failures="0" skipped="0" tests="71" time="32.421" timestamp="2026-09-22T16:47:35.466794+00:00" hostname="agent-env-d525f202-9ce2-42eb-b90a-956fb1552772"><testcase classname="tests.test_iteration3.TestRBAC" name="test_admin_has_all_permissions" time="0.671" /><testcase classname="tests.backend_test.TestVehicles" name="test_create_vehicle_collaudo_from_immatricolazione" time="1.022" /><testcase classname="tests.backend_test.TestVehicles" name="test_register_collaudo_updates_deadline" time="0.097" /><testcase classname="tests.backend_test.TestVehicles" name="test_circulation_expired_bollo_but_valid" time="0.192" /><testcase classname="tests.backend_test.TestVehicles" name="test_circulation_no_policy" time="0.084" /><testcase classname="tests.backend_test.TestVehicles" name="test_delete_vehicle" time="0.296" /><testcase classname="tests.test_iteration4.TestAuditReports" name="test_excel_200" time="0.686" /><testcase classname="tests.test_iteration4.TestAuditReports" name="test_pdf_200" time="0.199" /><testcase classname="tests.test_iteration4.TestAuditReports" name="test_excel_with_filters" time="0.087" /><testcase classname="tests.test_iteration3.TestRBAC" name="test_limited_user_permissions_shape" time="2.955" /><testcase classname="tests.test_iteration3.TestRBAC" name="test_limited_cannot_create_vehicle" time="0.101" /><testcase classname="tests.test_iteration3.TestRBAC" name="test_limited_cannot_export_pdf" time="0.267" /><testcase classname="tests.test_iteration3.TestRBAC" name="test_limited_can_add_bollo" time="1.452" /><testcase classname="tests.test_iteration4.TestAuditReports" name="test_excel_403_without_permission" time="2.073" /><testcase classname="tests.test_iteration4.TestAuditReports" name="test_pdf_403_without_permission" time="0.195" /><testcase classname="tests.test_new_features.TestNotifications" name="test_preview" time="0.541" /><testcase classname="tests.test_iteration3.TestRBAC" name="test_admin_toggle_active" time="0.975" /><testcase classname="tests.test_new_features.TestNotifications" name="test_send_now" time="1.910" /><testcase classname="tests.test_iteration3.TestRBAC" name="test_reset_password" time="2.064" /><testcase classname="tests.test_new_features.TestNotifications" name="test_cron_missing_token" time="0.158" /><testcase classname="tests.test_new_features.TestNotifications" name="test_cron_wrong_token" time="0.127" /><testcase classname="tests.test_new_features.TestNotifications" name="test_cron_correct_token" time="0.357" /><testcase classname="tests.test_iteration4.TestRegression" name="test_me" time="0.465" /><testcase classname="tests.test_iteration3.TestRBAC" name="test_cannot_delete_or_deactivate_admin" time="0.699" /><testcase classname="tests.test_iteration4.TestRegression" name="test_vehicles_list" time="0.086" /><testcase classname="tests.test_iteration4.TestRegression" name="test_fleet_reports_still_200" time="0.427" /><testcase classname="tests.test_iteration4.TestRegression" name="test_calendar" time="0.066" /><testcase classname="tests.test_new_features.TestPolicyAmountsGrace" name="test_set_policy_with_amounts_annuale_auto_grace" time="0.871" /><testcase classname="tests.test_iteration4.TestAuditFilters" name="test_action_filter" time="0.693" /><testcase classname="tests.test_iteration4.TestAuditFilters" name="test_date_from_future_yields_zero" time="0.115" /><testcase classname="tests.test_new_features.TestPolicyAmountsGrace" name="test_annuale_expired_past_grace_blocks" time="0.310" /><testcase classname="tests.test_iteration4.TestAuditFilters" name="test_vehicle_filter" time="0.285" /><testcase classname="tests.test_new_features.TestPolicyAmountsGrace" name="test_mensile_no_grace_expires_immediately" time="0.251" /><testcase classname="tests.test_iteration4.TestAuditFilters" name="test_combined_filters_narrower" time="0.178" /><testcase classname="tests.test_new_features.TestPolicyAmountsGrace" name="test_mensile_with_optional_grace_extends" time="0.463" /><testcase classname="tests.backend_test.TestDashboardReports" name="test_dashboard_stats" time="0.084" /><testcase classname="tests.backend_test.TestDashboardReports" name="test_report_excel" time="0.243" /><testcase classname="tests.backend_test.TestDashboardReports" name="test_report_pdf" time="0.230" /><testcase classname="tests.backend_test.TestAuth" name="test_login_invalid" time="1.364" /><testcase classname="tests.backend_test.TestAuth" name="test_me" time="0.255" /><testcase classname="tests.backend_test.TestAuth" name="test_me_unauth" time="0.204" /><testcase classname="tests.test_iteration4.TestNotificationsToday" name="test_shape_and_count" time="0.692" /><testcase classname="tests.test_iteration4.TestNotificationsToday" name="test_event_fields" time="0.113" /><testcase classname="tests.test_iteration4.TestNotificationsToday" name="test_requires_auth" time="0.308" /><testcase classname="tests.test_iteration4.TestLoginLog" name="test_admin_can_list" time="0.503" /><testcase classname="tests.test_iteration4.TestLoginLog" name="test_fresh_login_creates_entry" time="0.669" /><testcase classname="tests.test_new_features.TestSettings" name="test_get_settings" time="0.740" /><testcase classname="tests.test_new_features.TestSettings" name="test_update_settings_persists" time="0.454" /><testcase classname="tests.test_new_features.TestSettings" name="test_logo_upload" time="0.505" /><testcase classname="tests.test_iteration4.TestLoginLog" name="test_limited_user_gets_403" time="1.250" /><testcase classname="tests.backend_test.TestSuspension" name="test_suspend_and_reactivate_flow" time="0.683" /><testcase classname="tests.test_iteration3.TestReminders" name="test_settings_per_type_days" time="0.659" /><testcase classname="tests.test_iteration3.TestReminders" name="test_preview_uses_per_type_window" time="0.366" /><testcase classname="tests.backend_test.TestSuspension" name="test_304_day_cap_blocks_suspend" time="0.609" /><testcase classname="tests.test_iteration3.TestCollaudoHistory" name="test_add_multiple_and_deadline_recomputes" time="0.345" /><testcase classname="tests.test_iteration3.TestCollaudoHistory" name="test_delete_collaudo_recomputes" time="0.377" /><testcase classname="tests.test_iteration3.TestAuditUndo" name="test_audit_lists_and_undo_policy_renew" time="0.883" /><testcase classname="tests.test_iteration3.TestPolicyRenew" name="test_renew_archives_and_resets_counter" time="1.189" /><testcase classname="tests.test_iteration3.TestAuditUndo" name="test_vehicle_history_endpoint" time="0.367" /><testcase classname="tests.test_iteration3.TestPolicyRenew" name="test_renew_keeps_counter_when_not_reset" time="0.712" /><testcase classname="tests.test_new_features.TestDocuments" name="test_upload_view_delete" time="12.632" /><testcase classname="tests.test_iteration3.TestReports" name="test_excel" time="11.496" /><testcase classname="tests.test_iteration3.TestReports" name="test_pdf" time="0.333" /><testcase classname="tests.test_iteration3.TestSuspensionEffective" name="test_28_days_accumulated" time="0.476" /><testcase classname="tests.test_new_features.TestDocuments" name="test_upload_invalid_ext" time="0.206" /><testcase classname="tests.test_new_features.TestReportsWithBranding" name="test_excel" time="0.318" /><testcase classname="tests.test_iteration3.TestCron" name="test_cron_auth" time="0.749" /><testcase classname="tests.test_new_features.TestReportsWithBranding" name="test_pdf" time="0.299" /><testcase classname="tests.test_new_features.TestBolloHistory" name="test_add_and_delete_payment" time="0.794" /><testcase classname="tests.test_iteration3.TestSendNow" name="test_send_now_delivers" time="0.169" /><testcase classname="tests.test_new_features.TestDeadlines" name="test_deadlines_shape" time="0.660" /></testsuite></testsuites>