<?xml version="1.0" encoding="utf-8"?><testsuites name="pytest tests"><testsuite name="pytest" errors="0" failures="0" skipped="0" tests="17" time="3.780" timestamp="2026-09-23T07:26:54.348936+00:00" hostname="agent-env-d525f202-9ce2-42eb-b90a-956fb1552772"><testcase classname="tests.test_iteration8.TestCostoCollaudo" name="test_create_persists_costo" time="0.857" /><testcase classname="tests.test_iteration8.TestMaintFlow" name="test_overview_and_check_flow" time="1.040" /><testcase classname="tests.test_iteration8.TestCostoCollaudo" name="test_update_and_undo_costo" time="0.302" /><testcase classname="tests.test_iteration8.TestMaintFlow" name="test_interventions_flow" time="0.660" /><testcase classname="tests.test_iteration8.TestStrategySimulator" name="test_simulator_shape" time="0.064" /><testcase classname="tests.test_iteration8.TestStrategySimulator" name="test_surplus_marks_top_scores_high" time="0.065" /><testcase classname="tests.test_iteration8.TestStrategyReports" name="test_excel_report" time="0.349" /><testcase classname="tests.test_iteration8.TestStrategyReports" name="test_pdf_report" time="0.136" /><testcase classname="tests.test_iteration8.TestMaintFlow" name="test_maint_reports" time="0.133" /><testcase classname="tests.test_iteration8.TestStrategyAlert" name="test_settings_strategy_fields_persist" time="0.237" /><testcase classname="tests.test_iteration8.TestSuspensionPlan" name="test_full_plan_lifecycle" time="0.527" /><testcase classname="tests.test_iteration8.TestStrategyAlert" name="test_send_now_returns_json" time="0.415" /><testcase classname="tests.test_iteration8.TestSuspensionPlan" name="test_cancel_plan" time="0.550" /><testcase classname="tests.test_iteration8.TestMaintTypes" name="test_defaults_present" time="0.070" /><testcase classname="tests.test_iteration8.TestMaintTypes" name="test_crud_type" time="0.360" /><testcase classname="tests.test_iteration8.TestPermissions" name="test_manage_maintenance_present" time="0.060" /><testcase classname="tests.test_iteration8.TestNotificationsMaint" name="test_today_supports_manutenzione" time="0.293" /></testsuite></testsuites>