<?xml version="1.0" encoding="utf-8"?><testsuites name="pytest tests"><testsuite name="pytest" errors="0" failures="2" skipped="0" tests="21" time="7.808" timestamp="2026-09-22T16:23:43.844714+00:00" hostname="agent-env-d525f202-9ce2-42eb-b90a-956fb1552772"><testcase classname="tests.test_iteration3.TestRBAC" name="test_admin_has_all_permissions" time="0.754" /><testcase classname="tests.test_iteration3.TestReminders" name="test_settings_per_type_days" time="1.487" /><testcase classname="tests.test_iteration3.TestRBAC" name="test_limited_user_permissions_shape" time="0.905" /><testcase classname="tests.test_iteration3.TestReminders" name="test_preview_uses_per_type_window" time="0.647" /><testcase classname="tests.test_iteration3.TestRBAC" name="test_limited_cannot_create_vehicle" time="0.123" /><testcase classname="tests.test_iteration3.TestRBAC" name="test_limited_cannot_export_pdf" time="0.093" /><testcase classname="tests.test_iteration3.TestRBAC" name="test_limited_can_add_bollo" time="0.255" /><testcase classname="tests.test_iteration3.TestRBAC" name="test_admin_toggle_active" time="0.606" /><testcase classname="tests.test_iteration3.TestCollaudoHistory" name="test_add_multiple_and_deadline_recomputes" time="0.662" /><testcase classname="tests.test_iteration3.TestRBAC" name="test_reset_password" time="0.974" /><testcase classname="tests.test_iteration3.TestCollaudoHistory" name="test_delete_collaudo_recomputes" time="1.003" /><testcase classname="tests.test_iteration3.TestRBAC" name="test_cannot_delete_or_deactivate_admin" time="0.542" /><testcase classname="tests.test_iteration3.TestPolicyRenew" name="test_renew_archives_and_resets_counter" time="0.738"><failure message="assert 304 == 10">backend/tests/test_iteration3.py:225: in test_renew_archives_and_resets_counter
    assert v["policy"]["cumulative_suspension_days"] == 10
E   assert 304 == 10</failure></testcase><testcase classname="tests.test_iteration3.TestAuditUndo" name="test_audit_lists_and_undo_policy_renew" time="0.970" /><testcase classname="tests.test_iteration3.TestPolicyRenew" name="test_renew_keeps_counter_when_not_reset" time="0.725"><failure message="assert 304 == 5">backend/tests/test_iteration3.py:253: in test_renew_keeps_counter_when_not_reset
    assert r.json()["policy"]["cumulative_suspension_days"] == 5
E   assert 304 == 5</failure></testcase><testcase classname="tests.test_iteration3.TestReports" name="test_excel" time="0.535" /><testcase classname="tests.test_iteration3.TestAuditUndo" name="test_vehicle_history_endpoint" time="1.043" /><testcase classname="tests.test_iteration3.TestReports" name="test_pdf" time="0.293" /><testcase classname="tests.test_iteration3.TestSendNow" name="test_send_now_delivers" time="0.486" /><testcase classname="tests.test_iteration3.TestSuspensionEffective" name="test_28_days_accumulated" time="0.430" /><testcase classname="tests.test_iteration3.TestCron" name="test_cron_auth" time="0.596" /></testsuite></testsuites>