<?xml version="1.0" encoding="utf-8"?><testsuites name="pytest tests"><testsuite name="pytest" errors="0" failures="0" skipped="0" tests="11" time="2.809" timestamp="2026-09-23T06:06:59.312835+00:00" hostname="agent-env-d525f202-9ce2-42eb-b90a-956fb1552772"><testcase classname="tests.test_iteration7.TestSettingsSeason" name="test_settings_has_season_defaults" time="0.792" /><testcase classname="tests.test_iteration7.TestPolicyFrazionamento" name="test_annuale_with_frazionamento_persists" time="1.183" /><testcase classname="tests.test_iteration7.TestSettingsSeason" name="test_update_season_persists_and_reflects_in_strategy" time="0.204" /><testcase classname="tests.test_iteration7.TestStrategy" name="test_strategy_shape_and_sort" time="0.063" /><testcase classname="tests.test_iteration7.TestStrategy" name="test_strategy_no_policy_level_none" time="0.189" /><testcase classname="tests.test_iteration7.TestPolicyFrazionamento" name="test_trimestrale_frazionamento_null" time="0.293" /><testcase classname="tests.test_iteration7.TestVehicleTipo" name="test_tipo_persisted_on_create" time="0.280" /><testcase classname="tests.test_iteration7.TestPolicyFrazionamento" name="test_semestrale_tipologia_rejected" time="0.215" /><testcase classname="tests.test_iteration7.TestVehicleTipo" name="test_tipo_update_and_undo" time="0.282" /><testcase classname="tests.test_iteration7.TestLegacyMigration" name="test_xy999zz_migrated" time="0.069" /><testcase classname="tests.test_iteration7.TestStrategySuspension" name="test_suspend_using_strategy_suggested_from" time="0.489" /></testsuite></testsuites>