<?xml version="1.0" encoding="utf-8"?><testsuites name="pytest tests"><testsuite name="pytest" errors="0" failures="0" skipped="0" tests="14" time="4.079" timestamp="2026-09-22T16:56:00.471030+00:00" hostname="agent-env-d525f202-9ce2-42eb-b90a-956fb1552772"><testcase classname="tests.test_iteration5.TestRegression" name="test_auth_me" time="0.745" /><testcase classname="tests.test_iteration5.TestAuditOperators" name="test_operators_list" time="0.890" /><testcase classname="tests.test_iteration5.TestRegression" name="test_vehicles_list" time="0.183" /><testcase classname="tests.test_iteration5.TestAuditOperators" name="test_user_email_filter_narrows" time="0.358" /><testcase classname="tests.test_iteration5.TestRegression" name="test_audit_with_action_filter" time="0.180" /><testcase classname="tests.test_iteration5.TestRegression" name="test_fleet_reports_still_work" time="1.009" /><testcase classname="tests.test_iteration5.TestAuditOperators" name="test_user_email_no_match" time="0.458" /><testcase classname="tests.test_iteration5.TestAuditOperators" name="test_export_respects_user_email" time="0.422" /><testcase classname="tests.test_iteration5.TestRegression" name="test_login_log" time="0.161" /><testcase classname="tests.test_iteration5.TestBellDays" name="test_get_settings_has_bell_days" time="0.133" /><testcase classname="tests.test_iteration5.TestBellDays" name="test_update_bell_days_persists_and_reflects_in_notifications" time="1.011" /><testcase classname="tests.test_iteration5.TestVehiclePDF" name="test_pdf_admin_200" time="0.475" /><testcase classname="tests.test_iteration5.TestVehiclePDF" name="test_pdf_limited_403" time="0.686" /><testcase classname="tests.test_iteration5.TestVehiclePDF" name="test_pdf_unknown_vehicle_404" time="0.142" /></testsuite></testsuites>