<?xml version="1.0" encoding="utf-8"?><testsuites name="pytest tests"><testsuite name="pytest" errors="0" failures="2" skipped="0" tests="96" time="25.444" timestamp="2026-09-22T17:09:06.540637+00:00" hostname="agent-env-d525f202-9ce2-42eb-b90a-956fb1552772"><testcase classname="tests.test_iteration3.TestRBAC" name="test_admin_has_all_permissions" time="0.634" /><testcase classname="tests.test_iteration6.TestRegression" name="test_auth_me" time="0.936" /><testcase classname="tests.test_iteration6.TestRegression" name="test_vehicles_list" time="0.383" /><testcase classname="tests.test_iteration6.TestRegression" name="test_audit_list" time="0.197" /><testcase classname="tests.test_iteration3.TestRBAC" name="test_limited_user_permissions_shape" time="0.931" /><testcase classname="tests.test_iteration6.TestRegression" name="test_settings_get" time="0.117" /><testcase classname="tests.test_iteration3.TestRBAC" name="test_limited_cannot_create_vehicle" time="0.135" /><testcase classname="tests.test_iteration6.TestRegression" name="test_fleet_reports" time="0.605" /><testcase classname="tests.test_iteration3.TestRBAC" name="test_limited_cannot_export_pdf" time="0.231" /><testcase classname="tests.test_iteration3.TestRBAC" name="test_limited_can_add_bollo" time="0.374" /><testcase classname="tests.test_iteration6.TestRegression" name="test_operators_list" time="0.208" /><testcase classname="tests.test_iteration3.TestRBAC" name="test_admin_toggle_active" time="0.682" /><testcase classname="tests.backend_test.TestVehicles" name="test_create_vehicle_collaudo_from_immatricolazione" time="0.945" /><testcase classname="tests.test_iteration3.TestRBAC" name="test_reset_password" time="1.043" /><testcase classname="tests.backend_test.TestVehicles" name="test_register_collaudo_updates_deadline" time="0.291" /><testcase classname="tests.backend_test.TestVehicles" name="test_circulation_expired_bollo_but_valid" time="0.317" /><testcase classname="tests.backend_test.TestVehicles" name="test_circulation_no_policy" time="0.119" /><testcase classname="tests.test_iteration3.TestRBAC" name="test_cannot_delete_or_deactivate_admin" time="0.344" /><testcase classname="tests.backend_test.TestVehicles" name="test_delete_vehicle" time="0.338" /><testcase classname="tests.test_iteration5.TestRegression" name="test_auth_me" time="0.618" /><testcase classname="tests.test_iteration5.TestRegression" name="test_vehicles_list" time="0.162" /><testcase classname="tests.test_iteration4.TestAuditReports" name="test_excel_200" time="0.927" /><testcase classname="tests.test_iteration5.TestRegression" name="test_audit_with_action_filter" time="0.131" /><testcase classname="tests.test_iteration4.TestAuditReports" name="test_pdf_200" time="0.403" /><testcase classname="tests.test_iteration5.TestRegression" name="test_fleet_reports_still_work" time="0.819" /><testcase classname="tests.test_iteration4.TestAuditReports" name="test_excel_with_filters" time="0.088" /><testcase classname="tests.test_iteration5.TestRegression" name="test_login_log" time="0.363" /><testcase classname="tests.test_iteration4.TestAuditReports" name="test_excel_403_without_permission" time="0.876" /><testcase classname="tests.test_iteration4.TestAuditReports" name="test_pdf_403_without_permission" time="0.229" /><testcase classname="tests.test_iteration4.TestAuditFilters" name="test_action_filter" time="0.074" /><testcase classname="tests.test_new_features.TestNotifications" name="test_preview" time="0.491" /><testcase classname="tests.test_iteration4.TestAuditFilters" name="test_date_from_future_yields_zero" time="0.112" /><testcase classname="tests.test_new_features.TestNotifications" name="test_send_now" time="0.916" /><testcase classname="tests.test_iteration4.TestAuditFilters" name="test_vehicle_filter" time="0.167" /><testcase classname="tests.test_iteration4.TestAuditFilters" name="test_combined_filters_narrower" time="0.208" /><testcase classname="tests.test_iteration4.TestRegression" name="test_me" time="0.088" /><testcase classname="tests.test_iteration4.TestRegression" name="test_vehicles_list" time="0.135" /><testcase classname="tests.test_iteration4.TestRegression" name="test_fleet_reports_still_200" time="0.514" /><testcase classname="tests.test_new_features.TestNotifications" name="test_cron_missing_token" time="0.235" /><testcase classname="tests.test_new_features.TestNotifications" name="test_cron_wrong_token" time="0.120" /><testcase classname="tests.test_iteration4.TestRegression" name="test_calendar" time="0.149" /><testcase classname="tests.test_new_features.TestNotifications" name="test_cron_correct_token" time="0.142" /><testcase classname="tests.test_new_features.TestPolicyAmountsGrace" name="test_set_policy_with_amounts_annuale_auto_grace" time="0.423" /><testcase classname="tests.test_iteration5.TestAuditOperators" name="test_operators_list" time="0.504" /><testcase classname="tests.test_iteration5.TestAuditOperators" name="test_user_email_filter_narrows" time="0.341" /><testcase classname="tests.test_new_features.TestPolicyAmountsGrace" name="test_annuale_expired_past_grace_blocks" time="0.237" /><testcase classname="tests.test_new_features.TestPolicyAmountsGrace" name="test_mensile_no_grace_expires_immediately" time="0.292" /><testcase classname="tests.test_iteration5.TestAuditOperators" name="test_user_email_no_match" time="0.166" /><testcase classname="tests.test_iteration5.TestAuditOperators" name="test_export_respects_user_email" time="0.209" /><testcase classname="tests.test_new_features.TestPolicyAmountsGrace" name="test_mensile_with_optional_grace_extends" time="0.235" /><testcase classname="tests.backend_test.TestAuth" name="test_login_invalid" time="0.574" /><testcase classname="tests.backend_test.TestDashboardReports" name="test_dashboard_stats" time="0.646" /><testcase classname="tests.backend_test.TestAuth" name="test_me" time="0.190" /><testcase classname="tests.backend_test.TestDashboardReports" name="test_report_excel" time="0.180" /><testcase classname="tests.backend_test.TestDashboardReports" name="test_report_pdf" time="0.221" /><testcase classname="tests.backend_test.TestAuth" name="test_me_unauth" time="0.218" /><testcase classname="tests.test_iteration4.TestLoginLog" name="test_admin_can_list" time="0.628" /><testcase classname="tests.test_iteration4.TestLoginLog" name="test_fresh_login_creates_entry" time="1.631" /><testcase classname="tests.test_iteration4.TestNotificationsToday" name="test_shape_and_count" time="0.783" /><testcase classname="tests.test_iteration4.TestNotificationsToday" name="test_event_fields" time="0.079" /><testcase classname="tests.test_iteration4.TestNotificationsToday" name="test_requires_auth" time="0.112" /><testcase classname="tests.test_iteration6.TestVehicleNote" name="test_put_note_persists" time="1.273" /><testcase classname="tests.test_iteration6.TestVehicleNote" name="test_create_vehicle_note_optional" time="0.476" /><testcase classname="tests.test_iteration6.TestVehicleNote" name="test_pdf_contains_note_section" time="1.336" /><testcase classname="tests.test_iteration4.TestLoginLog" name="test_limited_user_gets_403" time="1.115" /><testcase classname="tests.test_iteration5.TestVehiclePDF" name="test_pdf_admin_200" time="1.131" /><testcase classname="tests.test_new_features.TestSettings" name="test_get_settings" time="0.793" /><testcase classname="tests.test_iteration5.TestVehiclePDF" name="test_pdf_limited_403" time="0.667" /><testcase classname="tests.test_new_features.TestSettings" name="test_update_settings_persists" time="0.316" /><testcase classname="tests.test_iteration5.TestVehiclePDF" name="test_pdf_unknown_vehicle_404" time="0.246" /><testcase classname="tests.test_new_features.TestSettings" name="test_logo_upload" time="0.322" /><testcase classname="tests.backend_test.TestSuspension" name="test_suspend_and_reactivate_flow" time="0.758" /><testcase classname="tests.test_iteration3.TestReminders" name="test_settings_per_type_days" time="0.757" /><testcase classname="tests.backend_test.TestSuspension" name="test_304_day_cap_blocks_suspend" time="0.453" /><testcase classname="tests.test_iteration3.TestReminders" name="test_preview_uses_per_type_window" time="0.765" /><testcase classname="tests.test_iteration3.TestPolicyRenew" name="test_renew_archives_and_resets_counter" time="0.737" /><testcase classname="tests.test_iteration3.TestCollaudoHistory" name="test_add_multiple_and_deadline_recomputes" time="0.872" /><testcase classname="tests.test_iteration3.TestCollaudoHistory" name="test_delete_collaudo_recomputes" time="0.435" /><testcase classname="tests.test_iteration3.TestPolicyRenew" name="test_renew_keeps_counter_when_not_reset" time="0.603" /><testcase classname="tests.test_iteration3.TestAuditUndo" name="test_audit_lists_and_undo_policy_renew" time="0.904" /><testcase classname="tests.test_iteration3.TestReports" name="test_excel" time="0.259" /><testcase classname="tests.test_iteration3.TestReports" name="test_pdf" time="0.266" /><testcase classname="tests.test_iteration3.TestAuditUndo" name="test_vehicle_history_endpoint" time="0.463" /><testcase classname="tests.test_iteration6.TestNotificationsSplit" name="test_shape" time="0.521" /><testcase classname="tests.test_iteration6.TestNotificationsSplit" name="test_bell_days_window_affects_upcoming_only" time="1.387"><failure message="assert (60 == 60 and 60 == 1)">backend/tests/test_iteration6.py:54: in test_bell_days_window_affects_upcoming_only
    assert big["bell_days"] == 60 and small["bell_days"] == 1
E   assert (60 == 60 and 60 == 1)</failure></testcase><testcase classname="tests.test_iteration5.TestBellDays" name="test_get_settings_has_bell_days" time="0.540" /><testcase classname="tests.test_iteration5.TestBellDays" name="test_update_bell_days_persists_and_reflects_in_notifications" time="0.570"><failure message="assert 1 == 45">backend/tests/test_iteration5.py:47: in test_update_bell_days_persists_and_reflects_in_notifications
    assert n45["bell_days"] == 45
E   assert 1 == 45</failure></testcase><testcase classname="tests.test_new_features.TestReportsWithBranding" name="test_excel" time="0.865" /><testcase classname="tests.test_new_features.TestReportsWithBranding" name="test_pdf" time="0.193" /><testcase classname="tests.test_new_features.TestDocuments" name="test_upload_view_delete" time="1.831" /><testcase classname="tests.test_iteration3.TestSuspensionEffective" name="test_28_days_accumulated" time="1.107" /><testcase classname="tests.test_iteration3.TestSendNow" name="test_send_now_delivers" time="0.681" /><testcase classname="tests.test_new_features.TestDocuments" name="test_upload_invalid_ext" time="0.206" /><testcase classname="tests.test_iteration3.TestCron" name="test_cron_auth" time="0.913" /><testcase classname="tests.test_new_features.TestBolloHistory" name="test_add_and_delete_payment" time="0.778" /><testcase classname="tests.test_new_features.TestDeadlines" name="test_deadlines_shape" time="0.148" /></testsuite></testsuites>