<?xml version="1.0" encoding="utf-8"?><testsuites name="pytest tests"><testsuite name="pytest" errors="0" failures="0" skipped="0" tests="10" time="10.360" timestamp="2026-09-23T14:40:33.384880+00:00" hostname="agent-env-d525f202-9ce2-42eb-b90a-956fb1552772"><testcase classname="tests.test_iteration12" name="test_undo_suspend_restores_active" time="1.469" /><testcase classname="tests.test_iteration12" name="test_undo_reactivate_restores_suspended" time="0.852" /><testcase classname="tests.test_iteration12" name="test_rata_paid_flow" time="0.413" /><testcase classname="tests.test_iteration12" name="test_reactivate_with_deadline_shift" time="0.593" /><testcase classname="tests.test_iteration12" name="test_suspension_pdf" time="0.921" /><testcase classname="tests.test_iteration12" name="test_auto_reactivate_run" time="0.946" /><testcase classname="tests.test_iteration12" name="test_dashboard_timeline" time="0.153" /><testcase classname="tests.test_iteration12" name="test_maintenance_interval_km" time="2.521" /><testcase classname="tests.test_iteration12" name="test_view_bollo_permission_scoping" time="1.827" /><testcase classname="tests.test_iteration12" name="test_vehicle_type_weight_persists" time="0.578" /></testsuite></testsuites>