<?xml version="1.0" encoding="utf-8"?><testsuites name="pytest tests"><testsuite name="pytest" errors="0" failures="0" skipped="0" tests="85" time="23.058" timestamp="2026-09-22T16:56:09.211203+00:00" hostname="agent-env-d525f202-9ce2-42eb-b90a-956fb1552772"><testcase classname="tests.backend_test.TestVehicles" name="test_create_vehicle_collaudo_from_immatricolazione" time="0.734" /><testcase classname="tests.test_iteration3.TestRBAC" name="test_admin_has_all_permissions" time="0.832" /><testcase classname="tests.backend_test.TestVehicles" name="test_register_collaudo_updates_deadline" time="0.091" /><testcase classname="tests.backend_test.TestVehicles" name="test_circulation_expired_bollo_but_valid" time="0.314" /><testcase classname="tests.backend_test.TestVehicles" name="test_circulation_no_policy" time="0.080" /><testcase classname="tests.backend_test.TestVehicles" name="test_delete_vehicle" time="0.498" /><testcase classname="tests.test_iteration3.TestRBAC" name="test_limited_user_permissions_shape" time="0.876" /><testcase classname="tests.test_iteration3.TestRBAC" name="test_limited_cannot_create_vehicle" time="0.075" /><testcase classname="tests.test_iteration3.TestRBAC" name="test_limited_cannot_export_pdf" time="0.284" /><testcase classname="tests.test_iteration4.TestAuditReports" name="test_excel_200" time="0.539" /><testcase classname="tests.test_iteration3.TestRBAC" name="test_limited_can_add_bollo" time="0.264" /><testcase classname="tests.test_iteration4.TestAuditReports" name="test_pdf_200" time="0.233" /><testcase classname="tests.test_iteration3.TestRBAC" name="test_admin_toggle_active" time="0.747" /><testcase classname="tests.test_iteration4.TestAuditReports" name="test_excel_with_filters" time="0.113" /><testcase classname="tests.test_iteration3.TestRBAC" name="test_reset_password" time="1.118" /><testcase classname="tests.test_iteration4.TestAuditReports" name="test_excel_403_without_permission" time="1.288" /><testcase classname="tests.test_iteration4.TestAuditReports" name="test_pdf_403_without_permission" time="0.332" /><testcase classname="tests.test_iteration3.TestRBAC" name="test_cannot_delete_or_deactivate_admin" time="0.663" /><testcase classname="tests.test_iteration5.TestRegression" name="test_auth_me" time="0.534" /><testcase classname="tests.test_iteration5.TestRegression" name="test_vehicles_list" time="0.191" /><testcase classname="tests.test_iteration5.TestRegression" name="test_audit_with_action_filter" time="0.286" /><testcase classname="tests.test_new_features.TestNotifications" name="test_preview" time="0.509" /><testcase classname="tests.test_iteration5.TestRegression" name="test_fleet_reports_still_work" time="0.679" /><testcase classname="tests.test_new_features.TestNotifications" name="test_send_now" time="1.039" /><testcase classname="tests.test_iteration5.TestRegression" name="test_login_log" time="0.140" /><testcase classname="tests.test_iteration4.TestAuditFilters" name="test_action_filter" time="0.473" /><testcase classname="tests.test_new_features.TestNotifications" name="test_cron_missing_token" time="0.189" /><testcase classname="tests.test_iteration4.TestAuditFilters" name="test_date_from_future_yields_zero" time="0.110" /><testcase classname="tests.test_new_features.TestNotifications" name="test_cron_wrong_token" time="0.152" /><testcase classname="tests.test_iteration4.TestAuditFilters" name="test_vehicle_filter" time="0.152" /><testcase classname="tests.test_new_features.TestNotifications" name="test_cron_correct_token" time="0.157" /><testcase classname="tests.test_iteration4.TestAuditFilters" name="test_combined_filters_narrower" time="0.479" /><testcase classname="tests.test_iteration4.TestRegression" name="test_me" time="0.722" /><testcase classname="tests.test_iteration5.TestAuditOperators" name="test_operators_list" time="0.509" /><testcase classname="tests.test_iteration4.TestRegression" name="test_vehicles_list" time="0.076" /><testcase classname="tests.test_iteration4.TestRegression" name="test_fleet_reports_still_200" time="0.531" /><testcase classname="tests.test_iteration5.TestAuditOperators" name="test_user_email_filter_narrows" time="0.478" /><testcase classname="tests.test_iteration4.TestRegression" name="test_calendar" time="0.107" /><testcase classname="tests.test_iteration5.TestAuditOperators" name="test_user_email_no_match" time="0.148" /><testcase classname="tests.test_iteration5.TestAuditOperators" name="test_export_respects_user_email" time="0.378" /><testcase classname="tests.test_new_features.TestPolicyAmountsGrace" name="test_set_policy_with_amounts_annuale_auto_grace" time="0.895" /><testcase classname="tests.backend_test.TestAuth" name="test_login_invalid" time="0.374" /><testcase classname="tests.backend_test.TestAuth" name="test_me" time="0.159" /><testcase classname="tests.test_new_features.TestPolicyAmountsGrace" name="test_annuale_expired_past_grace_blocks" time="0.333" /><testcase classname="tests.backend_test.TestAuth" name="test_me_unauth" time="0.178" /><testcase classname="tests.backend_test.TestDashboardReports" name="test_dashboard_stats" time="0.244" /><testcase classname="tests.test_new_features.TestPolicyAmountsGrace" name="test_mensile_no_grace_expires_immediately" time="0.321" /><testcase classname="tests.backend_test.TestDashboardReports" name="test_report_excel" time="0.389" /><testcase classname="tests.test_new_features.TestPolicyAmountsGrace" name="test_mensile_with_optional_grace_extends" time="0.474" /><testcase classname="tests.backend_test.TestDashboardReports" name="test_report_pdf" time="0.278" /><testcase classname="tests.test_iteration4.TestNotificationsToday" name="test_shape_and_count" time="0.639" /><testcase classname="tests.test_iteration4.TestNotificationsToday" name="test_event_fields" time="0.098" /><testcase classname="tests.test_iteration4.TestLoginLog" name="test_admin_can_list" time="0.773" /><testcase classname="tests.test_iteration4.TestNotificationsToday" name="test_requires_auth" time="0.139" /><testcase classname="tests.test_iteration4.TestLoginLog" name="test_fresh_login_creates_entry" time="0.783" /><testcase classname="tests.test_iteration5.TestVehiclePDF" name="test_pdf_admin_200" time="1.089" /><testcase classname="tests.test_iteration5.TestVehiclePDF" name="test_pdf_limited_403" time="0.912" /><testcase classname="tests.test_iteration4.TestLoginLog" name="test_limited_user_gets_403" time="1.418" /><testcase classname="tests.test_iteration5.TestVehiclePDF" name="test_pdf_unknown_vehicle_404" time="0.210" /><testcase classname="tests.test_new_features.TestSettings" name="test_get_settings" time="0.660" /><testcase classname="tests.backend_test.TestSuspension" name="test_suspend_and_reactivate_flow" time="1.290" /><testcase classname="tests.test_new_features.TestSettings" name="test_update_settings_persists" time="0.291" /><testcase classname="tests.test_new_features.TestSettings" name="test_logo_upload" time="0.333" /><testcase classname="tests.backend_test.TestSuspension" name="test_304_day_cap_blocks_suspend" time="0.648" /><testcase classname="tests.test_iteration3.TestCollaudoHistory" name="test_add_multiple_and_deadline_recomputes" time="0.808" /><testcase classname="tests.test_iteration3.TestCollaudoHistory" name="test_delete_collaudo_recomputes" time="0.595" /><testcase classname="tests.test_iteration3.TestReminders" name="test_settings_per_type_days" time="0.816" /><testcase classname="tests.test_iteration3.TestPolicyRenew" name="test_renew_archives_and_resets_counter" time="0.559" /><testcase classname="tests.test_iteration3.TestReminders" name="test_preview_uses_per_type_window" time="0.488" /><testcase classname="tests.test_iteration3.TestPolicyRenew" name="test_renew_keeps_counter_when_not_reset" time="0.508" /><testcase classname="tests.test_iteration3.TestAuditUndo" name="test_audit_lists_and_undo_policy_renew" time="1.006" /><testcase classname="tests.test_iteration3.TestReports" name="test_excel" time="0.274" /><testcase classname="tests.test_iteration3.TestReports" name="test_pdf" time="0.214" /><testcase classname="tests.test_iteration3.TestAuditUndo" name="test_vehicle_history_endpoint" time="0.664" /><testcase classname="tests.test_new_features.TestDocuments" name="test_upload_view_delete" time="1.524" /><testcase classname="tests.test_iteration5.TestBellDays" name="test_get_settings_has_bell_days" time="0.550" /><testcase classname="tests.test_iteration5.TestBellDays" name="test_update_bell_days_persists_and_reflects_in_notifications" time="1.333" /><testcase classname="tests.test_new_features.TestDocuments" name="test_upload_invalid_ext" time="0.276" /><testcase classname="tests.test_new_features.TestReportsWithBranding" name="test_excel" time="0.214" /><testcase classname="tests.test_new_features.TestReportsWithBranding" name="test_pdf" time="0.440" /><testcase classname="tests.test_iteration3.TestSendNow" name="test_send_now_delivers" time="1.069" /><testcase classname="tests.test_iteration3.TestSuspensionEffective" name="test_28_days_accumulated" time="0.932" /><testcase classname="tests.test_iteration3.TestCron" name="test_cron_auth" time="1.150" /><testcase classname="tests.test_new_features.TestBolloHistory" name="test_add_and_delete_payment" time="0.909" /><testcase classname="tests.test_new_features.TestDeadlines" name="test_deadlines_shape" time="0.415" /></testsuite></testsuites>