<?xml version="1.0" encoding="utf-8"?><testsuites name="pytest tests"><testsuite name="pytest" errors="0" failures="0" skipped="0" tests="11" time="5.074" timestamp="2026-09-22T17:08:57.250709+00:00" hostname="agent-env-d525f202-9ce2-42eb-b90a-956fb1552772"><testcase classname="tests.test_iteration6.TestRegression" name="test_auth_me" time="0.766" /><testcase classname="tests.test_iteration6.TestVehicleNote" name="test_put_note_persists" time="1.914" /><testcase classname="tests.test_iteration6.TestRegression" name="test_vehicles_list" time="0.131" /><testcase classname="tests.test_iteration6.TestRegression" name="test_audit_list" time="0.162" /><testcase classname="tests.test_iteration6.TestRegression" name="test_settings_get" time="0.137" /><testcase classname="tests.test_iteration6.TestRegression" name="test_fleet_reports" time="1.150" /><testcase classname="tests.test_iteration6.TestVehicleNote" name="test_create_vehicle_note_optional" time="0.376" /><testcase classname="tests.test_iteration6.TestVehicleNote" name="test_pdf_contains_note_section" time="2.287" /><testcase classname="tests.test_iteration6.TestRegression" name="test_operators_list" time="0.160" /><testcase classname="tests.test_iteration6.TestNotificationsSplit" name="test_shape" time="0.187" /><testcase classname="tests.test_iteration6.TestNotificationsSplit" name="test_bell_days_window_affects_upcoming_only" time="0.951" /></testsuite></testsuites>