<?xml version="1.0" encoding="utf-8"?><testsuites name="pytest tests"><testsuite name="pytest" errors="0" failures="0" skipped="0" tests="13" time="4.589" timestamp="2026-09-22T14:38:44.679148+00:00" hostname="agent-env-d525f202-9ce2-42eb-b90a-956fb1552772"><testcase classname="tests.backend_test.TestAuth" name="test_login_invalid" time="1.008" /><testcase classname="tests.backend_test.TestVehicles" name="test_create_vehicle_collaudo_from_immatricolazione" time="1.117" /><testcase classname="tests.backend_test.TestAuth" name="test_me" time="0.185" /><testcase classname="tests.backend_test.TestVehicles" name="test_register_collaudo_updates_deadline" time="0.096" /><testcase classname="tests.backend_test.TestAuth" name="test_me_unauth" time="0.156" /><testcase classname="tests.backend_test.TestVehicles" name="test_circulation_expired_bollo_but_valid" time="0.173" /><testcase classname="tests.backend_test.TestDashboardReports" name="test_dashboard_stats" time="0.117" /><testcase classname="tests.backend_test.TestVehicles" name="test_circulation_no_policy" time="0.083" /><testcase classname="tests.backend_test.TestDashboardReports" name="test_report_excel" time="0.564" /><testcase classname="tests.backend_test.TestVehicles" name="test_delete_vehicle" time="0.896" /><testcase classname="tests.backend_test.TestDashboardReports" name="test_report_pdf" time="0.583" /><testcase classname="tests.backend_test.TestSuspension" name="test_suspend_and_reactivate_flow" time="0.583" /><testcase classname="tests.backend_test.TestSuspension" name="test_304_day_cap_blocks_suspend" time="0.661" /></testsuite></testsuites>