<?xml version="1.0" encoding="utf-8"?><testsuites name="pytest tests"><testsuite name="pytest" errors="0" failures="0" skipped="0" tests="18" time="6.381" timestamp="2026-09-22T15:19:00.730018+00:00" hostname="agent-env-d525f202-9ce2-42eb-b90a-956fb1552772"><testcase classname="tests.test_new_features.TestPolicyAmountsGrace" name="test_set_policy_with_amounts_annuale_auto_grace" time="0.809" /><testcase classname="tests.test_new_features.TestNotifications" name="test_preview" time="0.868" /><testcase classname="tests.test_new_features.TestPolicyAmountsGrace" name="test_annuale_expired_past_grace_blocks" time="0.253" /><testcase classname="tests.test_new_features.TestNotifications" name="test_send_now" time="0.542" /><testcase classname="tests.test_new_features.TestPolicyAmountsGrace" name="test_mensile_no_grace_expires_immediately" time="0.215" /><testcase classname="tests.test_new_features.TestPolicyAmountsGrace" name="test_mensile_with_optional_grace_extends" time="0.220" /><testcase classname="tests.test_new_features.TestNotifications" name="test_cron_missing_token" time="0.147" /><testcase classname="tests.test_new_features.TestSettings" name="test_get_settings" time="0.069" /><testcase classname="tests.test_new_features.TestNotifications" name="test_cron_wrong_token" time="0.161" /><testcase classname="tests.test_new_features.TestSettings" name="test_update_settings_persists" time="0.224" /><testcase classname="tests.test_new_features.TestNotifications" name="test_cron_correct_token" time="0.132" /><testcase classname="tests.test_new_features.TestSettings" name="test_logo_upload" time="1.572" /><testcase classname="tests.test_new_features.TestDocuments" name="test_upload_view_delete" time="3.504" /><testcase classname="tests.test_new_features.TestReportsWithBranding" name="test_excel" time="1.656" /><testcase classname="tests.test_new_features.TestReportsWithBranding" name="test_pdf" time="0.260" /><testcase classname="tests.test_new_features.TestDeadlines" name="test_deadlines_shape" time="0.077" /><testcase classname="tests.test_new_features.TestDocuments" name="test_upload_invalid_ext" time="0.204" /><testcase classname="tests.test_new_features.TestBolloHistory" name="test_add_and_delete_payment" time="0.300" /></testsuite></testsuites>